<?xml version="1.0" encoding="UTF-8"?>
<!-- Generated by org.testng.reporters.JUnitReportReporter -->
<testsuite hostname="sivas7008" failures="0" tests="60" name="dsalgotestrunner.TestRunner2" time="791.897" errors="0" timestamp="2024-04-09T10:41:44 CDT" skipped="0">
  <testcase classname="dsalgotestrunner.TestRunner2" name="runScenario" time="6.719"/>
  <system-out/>
  <testcase classname="dsalgotestrunner.TestRunner2" name="runScenario" time="27.845"/>
  <system-out/>
  <testcase classname="dsalgotestrunner.TestRunner2" name="runScenario" time="11.630"/>
  <system-out/>
  <testcase classname="dsalgotestrunner.TestRunner2" name="runScenario" time="6.074"/>
  <system-out/>
  <testcase classname="dsalgotestrunner.TestRunner2" name="runScenario" time="8.396"/>
  <system-out/>
  <testcase classname="dsalgotestrunner.TestRunner2" name="runScenario" time="12.248"/>
  <system-out/>
  <testcase classname="dsalgotestrunner.TestRunner2" name="runScenario" time="21.010"/>
  <system-out/>
  <testcase classname="dsalgotestrunner.TestRunner2" name="runScenario" time="8.746"/>
  <system-out/>
  <testcase classname="dsalgotestrunner.TestRunner2" name="runScenario" time="13.659"/>
  <system-out/>
  <testcase classname="dsalgotestrunner.TestRunner2" name="runScenario" time="7.407"/>
  <system-out/>
  <testcase classname="dsalgotestrunner.TestRunner2" name="runScenario" time="19.939"/>
  <system-out/>
  <testcase classname="dsalgotestrunner.TestRunner2" name="runScenario" time="11.148"/>
  <system-out/>
  <testcase classname="dsalgotestrunner.TestRunner2" name="runScenario" time="15.374"/>
  <system-out/>
  <testcase classname="dsalgotestrunner.TestRunner2" name="runScenario" time="8.788"/>
  <system-out/>
  <testcase classname="dsalgotestrunner.TestRunner2" name="runScenario" time="7.764"/>
  <system-out/>
  <testcase classname="dsalgotestrunner.TestRunner2" name="runScenario" time="12.667"/>
  <system-out/>
  <testcase classname="dsalgotestrunner.TestRunner2" name="runScenario" time="4.732"/>
  <system-out/>
  <testcase classname="dsalgotestrunner.TestRunner2" name="runScenario" time="25.305"/>
  <system-out/>
  <testcase classname="dsalgotestrunner.TestRunner2" name="runScenario" time="6.003"/>
  <system-out/>
  <testcase classname="dsalgotestrunner.TestRunner2" name="runScenario" time="16.859"/>
  <system-out/>
  <testcase classname="dsalgotestrunner.TestRunner2" name="runScenario" time="14.863"/>
  <system-out/>
  <testcase classname="dsalgotestrunner.TestRunner2" name="runScenario" time="6.442"/>
  <system-out/>
  <testcase classname="dsalgotestrunner.TestRunner2" name="runScenario" time="9.256"/>
  <system-out/>
  <testcase classname="dsalgotestrunner.TestRunner2" name="runScenario" time="10.789"/>
  <system-out/>
  <testcase classname="dsalgotestrunner.TestRunner2" name="runScenario" time="25.053"/>
  <system-out/>
  <testcase classname="dsalgotestrunner.TestRunner2" name="runScenario" time="21.779"/>
  <system-out/>
  <testcase classname="dsalgotestrunner.TestRunner2" name="runScenario" time="20.469"/>
  <system-out/>
  <testcase classname="dsalgotestrunner.TestRunner2" name="runScenario" time="5.106"/>
  <system-out/>
  <testcase classname="dsalgotestrunner.TestRunner2" name="runScenario" time="7.413"/>
  <system-out/>
  <testcase classname="dsalgotestrunner.TestRunner2" name="runScenario" time="9.769"/>
  <system-out/>
  <testcase classname="dsalgotestrunner.TestRunner2" name="runScenario" time="20.460"/>
  <system-out/>
  <testcase classname="dsalgotestrunner.TestRunner2" name="runScenario" time="22.622"/>
  <system-out/>
  <testcase classname="dsalgotestrunner.TestRunner2" name="runScenario" time="9.089"/>
  <system-out/>
  <testcase classname="dsalgotestrunner.TestRunner2" name="runScenario" time="29.431"/>
  <system-out/>
  <testcase classname="dsalgotestrunner.TestRunner2" name="runScenario" time="15.328"/>
  <system-out/>
  <testcase classname="dsalgotestrunner.TestRunner2" name="runScenario" time="13.447"/>
  <system-out/>
  <testcase classname="dsalgotestrunner.TestRunner2" name="runScenario" time="13.802"/>
  <system-out/>
  <testcase classname="dsalgotestrunner.TestRunner2" name="runScenario" time="13.803"/>
  <system-out/>
  <testcase classname="dsalgotestrunner.TestRunner2" name="runScenario" time="9.191"/>
  <system-out/>
  <testcase classname="dsalgotestrunner.TestRunner2" name="runScenario" time="12.282"/>
  <system-out/>
  <testcase classname="dsalgotestrunner.TestRunner2" name="runScenario" time="14.351"/>
  <system-out/>
  <testcase classname="dsalgotestrunner.TestRunner2" name="runScenario" time="11.925"/>
  <system-out/>
  <testcase classname="dsalgotestrunner.TestRunner2" name="runScenario" time="18.728"/>
  <system-out/>
  <testcase classname="dsalgotestrunner.TestRunner2" name="runScenario" time="5.301"/>
  <system-out/>
  <testcase classname="dsalgotestrunner.TestRunner2" name="runScenario" time="8.718"/>
  <system-out/>
  <testcase classname="dsalgotestrunner.TestRunner2" name="runScenario" time="21.075"/>
  <system-out/>
  <testcase classname="dsalgotestrunner.TestRunner2" name="runScenario" time="8.312"/>
  <system-out/>
  <testcase classname="dsalgotestrunner.TestRunner2" name="runScenario" time="10.640"/>
  <system-out/>
  <testcase classname="dsalgotestrunner.TestRunner2" name="runScenario" time="12.675"/>
  <system-out/>
  <testcase classname="dsalgotestrunner.TestRunner2" name="runScenario" time="11.350"/>
  <system-out/>
  <testcase classname="dsalgotestrunner.TestRunner2" name="runScenario" time="10.849"/>
  <system-out/>
  <testcase classname="dsalgotestrunner.TestRunner2" name="runScenario" time="7.823"/>
  <system-out/>
  <testcase classname="dsalgotestrunner.TestRunner2" name="runScenario" time="14.364"/>
  <system-out/>
  <testcase classname="dsalgotestrunner.TestRunner2" name="runScenario" time="23.699"/>
  <system-out/>
  <testcase classname="dsalgotestrunner.TestRunner2" name="runScenario" time="7.714"/>
  <system-out/>
  <testcase classname="dsalgotestrunner.TestRunner2" name="runScenario" time="19.759"/>
  <system-out/>
  <testcase classname="dsalgotestrunner.TestRunner2" name="runScenario" time="5.472"/>
  <system-out/>
  <testcase classname="dsalgotestrunner.TestRunner2" name="runScenario" time="9.379"/>
  <system-out/>
  <testcase classname="dsalgotestrunner.TestRunner2" name="runScenario" time="11.596"/>
  <system-out/>
  <testcase classname="dsalgotestrunner.TestRunner2" name="runScenario" time="15.460"/>
  <system-out/>
</testsuite> <!-- dsalgotestrunner.TestRunner2 -->
