<?xml version="1.0" encoding="UTF-8"?>
<!-- Generated by org.testng.reporters.JUnitReportReporter -->
<testsuite hostname="sivas7008" failures="0" tests="60" name="dsalgotestrunner.TestRunner2" time="1010.297" errors="0" timestamp="2024-04-10T13:25:17 CDT" skipped="0">
  <testcase classname="dsalgotestrunner.TestRunner2" name="runScenario" time="14.576"/>
  <system-out/>
  <testcase classname="dsalgotestrunner.TestRunner2" name="runScenario" time="20.458"/>
  <system-out/>
  <testcase classname="dsalgotestrunner.TestRunner2" name="runScenario" time="22.023"/>
  <system-out/>
  <testcase classname="dsalgotestrunner.TestRunner2" name="runScenario" time="17.020"/>
  <system-out/>
  <testcase classname="dsalgotestrunner.TestRunner2" name="runScenario" time="12.956"/>
  <system-out/>
  <testcase classname="dsalgotestrunner.TestRunner2" name="runScenario" time="32.610"/>
  <system-out/>
  <testcase classname="dsalgotestrunner.TestRunner2" name="runScenario" time="20.279"/>
  <system-out/>
  <testcase classname="dsalgotestrunner.TestRunner2" name="runScenario" time="14.222"/>
  <system-out/>
  <testcase classname="dsalgotestrunner.TestRunner2" name="runScenario" time="19.707"/>
  <system-out/>
  <testcase classname="dsalgotestrunner.TestRunner2" name="runScenario" time="16.362"/>
  <system-out/>
  <testcase classname="dsalgotestrunner.TestRunner2" name="runScenario" time="9.544"/>
  <system-out/>
  <testcase classname="dsalgotestrunner.TestRunner2" name="runScenario" time="15.610"/>
  <system-out/>
  <testcase classname="dsalgotestrunner.TestRunner2" name="runScenario" time="18.130"/>
  <system-out/>
  <testcase classname="dsalgotestrunner.TestRunner2" name="runScenario" time="6.152"/>
  <system-out/>
  <testcase classname="dsalgotestrunner.TestRunner2" name="runScenario" time="17.733"/>
  <system-out/>
  <testcase classname="dsalgotestrunner.TestRunner2" name="runScenario" time="13.969"/>
  <system-out/>
  <testcase classname="dsalgotestrunner.TestRunner2" name="runScenario" time="10.953"/>
  <system-out/>
  <testcase classname="dsalgotestrunner.TestRunner2" name="runScenario" time="14.265"/>
  <system-out/>
  <testcase classname="dsalgotestrunner.TestRunner2" name="runScenario" time="14.104"/>
  <system-out/>
  <testcase classname="dsalgotestrunner.TestRunner2" name="runScenario" time="10.661"/>
  <system-out/>
  <testcase classname="dsalgotestrunner.TestRunner2" name="runScenario" time="12.849"/>
  <system-out/>
  <testcase classname="dsalgotestrunner.TestRunner2" name="runScenario" time="23.803"/>
  <system-out/>
  <testcase classname="dsalgotestrunner.TestRunner2" name="runScenario" time="21.028"/>
  <system-out/>
  <testcase classname="dsalgotestrunner.TestRunner2" name="runScenario" time="20.782"/>
  <system-out/>
  <testcase classname="dsalgotestrunner.TestRunner2" name="runScenario" time="19.938"/>
  <system-out/>
  <testcase classname="dsalgotestrunner.TestRunner2" name="runScenario" time="24.014"/>
  <system-out/>
  <testcase classname="dsalgotestrunner.TestRunner2" name="runScenario" time="10.414"/>
  <system-out/>
  <testcase classname="dsalgotestrunner.TestRunner2" name="runScenario" time="23.799"/>
  <system-out/>
  <testcase classname="dsalgotestrunner.TestRunner2" name="runScenario" time="13.036"/>
  <system-out/>
  <testcase classname="dsalgotestrunner.TestRunner2" name="runScenario" time="9.540"/>
  <system-out/>
  <testcase classname="dsalgotestrunner.TestRunner2" name="runScenario" time="8.769"/>
  <system-out/>
  <testcase classname="dsalgotestrunner.TestRunner2" name="runScenario" time="23.227"/>
  <system-out/>
  <testcase classname="dsalgotestrunner.TestRunner2" name="runScenario" time="14.142"/>
  <system-out/>
  <testcase classname="dsalgotestrunner.TestRunner2" name="runScenario" time="16.087"/>
  <system-out/>
  <testcase classname="dsalgotestrunner.TestRunner2" name="runScenario" time="8.954"/>
  <system-out/>
  <testcase classname="dsalgotestrunner.TestRunner2" name="runScenario" time="7.974"/>
  <system-out/>
  <testcase classname="dsalgotestrunner.TestRunner2" name="runScenario" time="19.028"/>
  <system-out/>
  <testcase classname="dsalgotestrunner.TestRunner2" name="runScenario" time="20.792"/>
  <system-out/>
  <testcase classname="dsalgotestrunner.TestRunner2" name="runScenario" time="11.158"/>
  <system-out/>
  <testcase classname="dsalgotestrunner.TestRunner2" name="runScenario" time="8.048"/>
  <system-out/>
  <testcase classname="dsalgotestrunner.TestRunner2" name="runScenario" time="23.222"/>
  <system-out/>
  <testcase classname="dsalgotestrunner.TestRunner2" name="runScenario" time="13.657"/>
  <system-out/>
  <testcase classname="dsalgotestrunner.TestRunner2" name="runScenario" time="16.135"/>
  <system-out/>
  <testcase classname="dsalgotestrunner.TestRunner2" name="runScenario" time="19.050"/>
  <system-out/>
  <testcase classname="dsalgotestrunner.TestRunner2" name="runScenario" time="18.442"/>
  <system-out/>
  <testcase classname="dsalgotestrunner.TestRunner2" name="runScenario" time="9.048"/>
  <system-out/>
  <testcase classname="dsalgotestrunner.TestRunner2" name="runScenario" time="19.550"/>
  <system-out/>
  <testcase classname="dsalgotestrunner.TestRunner2" name="runScenario" time="23.812"/>
  <system-out/>
  <testcase classname="dsalgotestrunner.TestRunner2" name="runScenario" time="19.799"/>
  <system-out/>
  <testcase classname="dsalgotestrunner.TestRunner2" name="runScenario" time="25.380"/>
  <system-out/>
  <testcase classname="dsalgotestrunner.TestRunner2" name="runScenario" time="13.363"/>
  <system-out/>
  <testcase classname="dsalgotestrunner.TestRunner2" name="runScenario" time="24.710"/>
  <system-out/>
  <testcase classname="dsalgotestrunner.TestRunner2" name="runScenario" time="10.958"/>
  <system-out/>
  <testcase classname="dsalgotestrunner.TestRunner2" name="runScenario" time="12.244"/>
  <system-out/>
  <testcase classname="dsalgotestrunner.TestRunner2" name="runScenario" time="19.155"/>
  <system-out/>
  <testcase classname="dsalgotestrunner.TestRunner2" name="runScenario" time="25.465"/>
  <system-out/>
  <testcase classname="dsalgotestrunner.TestRunner2" name="runScenario" time="20.971"/>
  <system-out/>
  <testcase classname="dsalgotestrunner.TestRunner2" name="runScenario" time="24.891"/>
  <system-out/>
  <testcase classname="dsalgotestrunner.TestRunner2" name="runScenario" time="8.956"/>
  <system-out/>
  <testcase classname="dsalgotestrunner.TestRunner2" name="runScenario" time="22.773"/>
  <system-out/>
</testsuite> <!-- dsalgotestrunner.TestRunner2 -->
